<?xml version="1.0" encoding="UTF-8"?>
<!-- Generated by org.testng.reporters.JUnitReportReporter -->
<testsuite hostname="ARSU_2831" failures="0" tests="1" name="TestScript.TestScript002" time="0.020" errors="0" timestamp="2025-01-16T08:08:44 IST" skipped="0">
  <testcase classname="TestScript.TestScript002" name="TC004" time="0.020"/>
</testsuite> <!-- TestScript.TestScript002 -->
