<?xml version="1.0" encoding="UTF-8"?>
<!-- Generated by org.testng.reporters.JUnitReportReporter -->
<testsuite hostname="ARSU_2831" failures="0" tests="3" name="TestScript.TestScript001" time="12.234" errors="0" timestamp="2025-01-21T07:09:28 IST" skipped="0">
  <testcase classname="TestScript.TestScript001" name="tc001" time="12.164"/>
  <testcase classname="TestScript.TestScript001" name="tc003" time="0.056"/>
  <testcase classname="TestScript.TestScript001" name="tc002" time="0.014"/>
</testsuite> <!-- TestScript.TestScript001 -->
